<?xml version="1.0" encoding="UTF-8"?>
<!-- Generated by org.testng.reporters.JUnitXMLReporter -->
<testsuite hostname="Christians-MacBook-Pro.local" name="Default test" tests="4" failures="0" timestamp="28 Feb 2016 20:01:43 GMT" time="63.25" errors="0">
  <testcase name="AddItem" time="36.365" classname="com.sqa.CM.shop.ShopaholicEbayTest"/>
  <testcase name="f1" time="5.132" classname="com.sqa.CM.shop.ShopaholicEbayTest"/>
  <testcase name="f2" time="7.026" classname="com.sqa.CM.shop.ShopaholicEbayTest"/>
  <testcase name="f3" time="8.406" classname="com.sqa.CM.shop.ShopaholicEbayTest"/>
</testsuite> <!-- Default test -->
