<?xml version="1.0" encoding="UTF-8"?>
<testng-results skipped="0" failed="0" total="4" passed="4">
  <reporter-output>
  </reporter-output>
  <suite name="Default suite" duration-ms="63250" started-at="2016-02-28T20:00:39Z" finished-at="2016-02-28T20:01:42Z">
    <groups>
    </groups>
    <test name="Default test" duration-ms="63250" started-at="2016-02-28T20:00:39Z" finished-at="2016-02-28T20:01:42Z">
      <class name="com.sqa.CM.shop.ShopaholicEbayTest">
        <test-method status="PASS" signature="setUp()[pri:0, instance:com.sqa.CM.shop.ShopaholicEbayTest@582138]" name="setUp" is-config="true" duration-ms="6001" started-at="2016-02-28T12:00:39Z" finished-at="2016-02-28T12:00:45Z">
          <reporter-output>
          </reporter-output>
        </test-method> <!-- setUp -->
        <test-method status="PASS" signature="AddItem()[pri:0, instance:com.sqa.CM.shop.ShopaholicEbayTest@582138]" name="AddItem" duration-ms="36365" started-at="2016-02-28T12:00:45Z" finished-at="2016-02-28T12:01:22Z">
          <reporter-output>
          </reporter-output>
        </test-method> <!-- AddItem -->
        <test-method status="PASS" signature="f1(java.lang.String)[pri:0, instance:com.sqa.CM.shop.ShopaholicEbayTest@582138]" name="f1" duration-ms="5132" started-at="2016-02-28T12:01:22Z" data-provider="AddCartTest" finished-at="2016-02-28T12:01:27Z">
          <params>
            <param index="0">
              <value>
                <![CDATA[141456322017_title]]>
              </value>
            </param>
          </params>
          <reporter-output>
          </reporter-output>
        </test-method> <!-- f1 -->
        <test-method status="PASS" signature="f2(java.lang.String)[pri:0, instance:com.sqa.CM.shop.ShopaholicEbayTest@582138]" name="f2" duration-ms="7026" started-at="2016-02-28T12:01:27Z" data-provider="AddWatchListTest" finished-at="2016-02-28T12:01:34Z">
          <params>
            <param index="0">
              <value>
                <![CDATA[vip item-title]]>
              </value>
            </param>
          </params>
          <reporter-output>
          </reporter-output>
        </test-method> <!-- f2 -->
        <test-method status="PASS" signature="f3(java.lang.String)[pri:0, instance:com.sqa.CM.shop.ShopaholicEbayTest@582138]" name="f3" duration-ms="8406" started-at="2016-02-28T12:01:34Z" data-provider="AddWishListTest" finished-at="2016-02-28T12:01:42Z">
          <params>
            <param index="0">
              <value>
                <![CDATA[ttl_172102243053]]>
              </value>
            </param>
          </params>
          <reporter-output>
          </reporter-output>
        </test-method> <!-- f3 -->
        <test-method status="PASS" signature="tearDown()[pri:0, instance:com.sqa.CM.shop.ShopaholicEbayTest@582138]" name="tearDown" is-config="true" duration-ms="298" started-at="2016-02-28T12:01:42Z" finished-at="2016-02-28T12:01:42Z">
          <reporter-output>
          </reporter-output>
        </test-method> <!-- tearDown -->
      </class> <!-- com.sqa.CM.shop.ShopaholicEbayTest -->
    </test> <!-- Default test -->
  </suite> <!-- Default suite -->
</testng-results>
